<?xml version="1.0" encoding="UTF-8"?>
<!-- Generated by org.testng.reporters.JUnitXMLReporter -->
<testsuite ignored="2" hostname="QA-Lead-Myilvaganan" failures="0" tests="1" name="Test" time="8.043" errors="0" timestamp="2025-09-14T13:02:58 IST">
  <testcase classname="com.orangehrm.tests.LoginTest" name="validLoginTest" time="5.555"/>
  <testcase classname="com.orangehrm.base.BaseTest" name="@BeforeSuite setupReport" time="0.0">
    <ignored/>
  </testcase> <!-- @BeforeSuite setupReport -->
  <testcase classname="com.orangehrm.base.BaseTest" name="@AfterSuite flushReport" time="0.0">
    <ignored/>
  </testcase> <!-- @AfterSuite flushReport -->
</testsuite> <!-- Test -->
