<?xml version="1.0" encoding="UTF-8"?>
<testng-results ignored="0" total="1" passed="1" failed="0" skipped="0">
  <reporter-output>
  </reporter-output>
  <suite started-at="2025-12-07T08:14:36 IST" name="Suite" finished-at="2025-12-07T08:14:49 IST" duration-ms="12979">
    <groups>
    </groups>
    <test started-at="2025-12-07T08:14:36 IST" name="Test" finished-at="2025-12-07T08:14:49 IST" duration-ms="12979">
      <class name="com.orangehrm.base.BaseTest">
        <test-method is-config="true" signature="setupReport()[pri:0, instance:com.orangehrm.base.BaseTest@158da8e]" started-at="2025-12-07T08:14:35 IST" name="setupReport" finished-at="2025-12-07T08:14:36 IST" duration-ms="400" status="PASS">
          <reporter-output>
          </reporter-output>
        </test-method> <!-- setupReport -->
        <test-method is-config="true" signature="flushReport()[pri:0, instance:com.orangehrm.base.BaseTest@158da8e]" started-at="2025-12-07T08:14:49 IST" name="flushReport" finished-at="2025-12-07T08:14:49 IST" duration-ms="426" status="PASS">
          <reporter-output>
          </reporter-output>
        </test-method> <!-- flushReport -->
      </class> <!-- com.orangehrm.base.BaseTest -->
      <class name="com.orangehrm.tests.LoginTest">
        <test-method is-config="true" signature="setUp()[pri:0, instance:com.orangehrm.tests.LoginTest@4fb0f2b9]" started-at="2025-12-07T08:14:36 IST" name="setUp" finished-at="2025-12-07T08:14:43 IST" duration-ms="7166" status="PASS">
          <reporter-output>
          </reporter-output>
        </test-method> <!-- setUp -->
        <test-method signature="validLoginTest()[pri:0, instance:com.orangehrm.tests.LoginTest@4fb0f2b9]" started-at="2025-12-07T08:14:43 IST" name="validLoginTest" finished-at="2025-12-07T08:14:48 IST" duration-ms="5517" status="PASS">
          <reporter-output>
          </reporter-output>
        </test-method> <!-- validLoginTest -->
        <test-method is-config="true" signature="tearDown()[pri:0, instance:com.orangehrm.tests.LoginTest@4fb0f2b9]" started-at="2025-12-07T08:14:48 IST" name="tearDown" finished-at="2025-12-07T08:14:49 IST" duration-ms="240" status="PASS">
          <reporter-output>
          </reporter-output>
        </test-method> <!-- tearDown -->
      </class> <!-- com.orangehrm.tests.LoginTest -->
    </test> <!-- Test -->
  </suite> <!-- Suite -->
</testng-results>
