<?xml version="1.0" encoding="UTF-8"?>
<testng-results ignored="0" total="2" passed="2" failed="0" skipped="0">
  <reporter-output>
  </reporter-output>
  <suite started-at="2025-11-08T14:30:04 IST" name="Default suite" finished-at="2025-11-08T14:30:10 IST" duration-ms="6318">
    <groups>
    </groups>
    <test started-at="2025-11-08T14:30:04 IST" name="Default test" finished-at="2025-11-08T14:30:10 IST" duration-ms="6318">
      <class name="com.apitesting.SubmitAnOrder">
        <test-method signature="aPIAuthentication()[pri:1, instance:com.apitesting.SubmitAnOrder@7b02881e]" started-at="2025-11-08T14:30:04 IST" name="aPIAuthentication" finished-at="2025-11-08T14:30:09 IST" duration-ms="5507" status="PASS">
          <reporter-output>
          </reporter-output>
        </test-method> <!-- aPIAuthentication -->
        <test-method signature="submitAnOrder()[pri:2, instance:com.apitesting.SubmitAnOrder@7b02881e]" started-at="2025-11-08T14:30:09 IST" name="submitAnOrder" finished-at="2025-11-08T14:30:10 IST" depends-on-methods="com.apitesting.SubmitAnOrder.aPIAuthentication" duration-ms="728" status="PASS">
          <reporter-output>
          </reporter-output>
        </test-method> <!-- submitAnOrder -->
      </class> <!-- com.apitesting.SubmitAnOrder -->
    </test> <!-- Default test -->
  </suite> <!-- Default suite -->
</testng-results>
