<?xml version="1.0" encoding="UTF-8"?>
<!-- Generated by org.testng.reporters.JUnitReportReporter -->
<testsuite hostname="QA-Lead-Myilvaganan" failures="0" tests="2" name="com.apitesting.SubmitAnOrder" time="6.235" errors="0" timestamp="2025-11-08T14:30:11 IST" skipped="0">
  <testcase classname="com.apitesting.SubmitAnOrder" name="aPIAuthentication" time="5.507"/>
  <testcase classname="com.apitesting.SubmitAnOrder" name="submitAnOrder" time="0.728"/>
</testsuite> <!-- com.apitesting.SubmitAnOrder -->
