<?xml version="1.0" encoding="UTF-8"?>
<!-- Generated by org.testng.reporters.JUnitReportReporter -->
<testsuite hostname="QA-Lead-Myilvaganan" failures="0" tests="4" name="com.apitesting.SimpleBookAPI" time="5.612" errors="0" timestamp="2025-11-08T13:35:46 IST" skipped="2">
  <testcase classname="com.apitesting.SimpleBookAPI" name="postApiUser" time="5.609"/>
  <testcase classname="com.apitesting.SimpleBookAPI" name="getMethod" time="0.003"/>
  <testcase classname="com.apitesting.SimpleBookAPI" name="status">
    <skipped/>
  </testcase> <!-- status -->
  <testcase classname="com.apitesting.SimpleBookAPI" name="listOfBooks">
    <skipped/>
  </testcase> <!-- listOfBooks -->
</testsuite> <!-- com.apitesting.SimpleBookAPI -->
